<?xml version="1.0" encoding="UTF-8"?>
<!-- Generated by org.testng.reporters.JUnitReportReporter -->
<testsuite hostname="LAPTOP-3AI9QJI2" failures="0" tests="3" name="dataProvider.FetchDataFromExcelTest" time="0.009" errors="0" timestamp="2022-08-07T19:36:49 IST" skipped="0">
  <testcase classname="dataProvider.FetchDataFromExcelTest" name="fetchDataFromExcel" time="0.005"/>
  <system-out/>
  <testcase classname="dataProvider.FetchDataFromExcelTest" name="fetchDataFromExcel" time="0.003"/>
  <system-out/>
  <testcase classname="dataProvider.FetchDataFromExcelTest" name="fetchDataFromExcel" time="0.001"/>
  <system-out/>
</testsuite> <!-- dataProvider.FetchDataFromExcelTest -->
