<?xml version="1.0" encoding="UTF-8"?>
<!-- Generated by org.testng.reporters.JUnitReportReporter -->
<testsuite hostname="LAPTOP-3AI9QJI2" failures="0" tests="1" name="com.crm.vtiger.organization.CreateOrganizationAndVerifyTest" time="36.327" errors="0" timestamp="2022-08-12T15:26:41 IST" skipped="0">
  <testcase classname="com.crm.vtiger.organization.CreateOrganizationAndVerifyTest" name="CreateOrganizationAndVerify" time="36.327"/>
  <system-out>
    <![CDATA[Organization page is displayed, PASS
Organization name created, TRUE]]>
  </system-out>
</testsuite> <!-- com.crm.vtiger.organization.CreateOrganizationAndVerifyTest -->
