<?xml version="1.0" encoding="UTF-8"?>
<!-- Generated by org.testng.reporters.JUnitReportReporter -->
<testsuite hostname="LAPTOP-3AI9QJI2" failures="0" tests="2" name="assignment.Test" time="0.013" errors="0" timestamp="2022-08-08T09:56:32 IST" skipped="0">
  <testcase classname="assignment.Test" name="test6" time="0.009"/>
  <system-out/>
  <testcase classname="assignment.Test" name="test7" time="0.004"/>
  <system-out/>
</testsuite> <!-- assignment.Test -->
