<?xml version="1.0" encoding="UTF-8"?>
<!-- Generated by org.testng.reporters.JUnitReportReporter -->
<testsuite hostname="LAPTOP-3AI9QJI2" failures="0" tests="1" name="com.crm.vtiger.organization.CreateOrganization_ContactAndVerifyTest" time="51.105" errors="0" timestamp="2022-08-07T19:36:49 IST" skipped="0">
  <testcase classname="com.crm.vtiger.organization.CreateOrganization_ContactAndVerifyTest" name="createOrganizationAndContactAndVerify" time="51.105"/>
  <system-out/>
</testsuite> <!-- com.crm.vtiger.organization.CreateOrganization_ContactAndVerifyTest -->
