<?xml version="1.0" encoding="UTF-8"?>
<!-- Generated by org.testng.reporters.JUnitReportReporter -->
<testsuite hostname="LAPTOP-3AI9QJI2" failures="0" tests="3" name="dataProvider.BookTicket" time="0.016" errors="0" timestamp="2022-08-07T19:36:49 IST" skipped="0">
  <testcase classname="dataProvider.BookTicket" name="booking_Tickets" time="0.001"/>
  <system-out/>
  <testcase classname="dataProvider.BookTicket" name="booking_Tickets" time="0.001"/>
  <system-out/>
  <testcase classname="dataProvider.BookTicket" name="booking_Tickets" time="0.014"/>
  <system-out/>
</testsuite> <!-- dataProvider.BookTicket -->
