<?xml version="1.0" encoding="UTF-8"?>
<!-- Generated by org.testng.reporters.JUnitReportReporter -->
<testsuite hostname="LAPTOP-3AI9QJI2" failures="0" tests="1" name="com.crm.vtiger.documents.CreateDocumentAndVerifyTest" time="46.159" errors="0" timestamp="2022-08-12T15:26:41 IST" skipped="0">
  <testcase classname="com.crm.vtiger.documents.CreateDocumentAndVerifyTest" name="CreateDocumentAndVerify" time="46.159"/>
  <system-out>
    <![CDATA[Document page is displayed, PASS
Document is created, PASS]]>
  </system-out>
</testsuite> <!-- com.crm.vtiger.documents.CreateDocumentAndVerifyTest -->
