<?xml version="1.0" encoding="UTF-8"?>
<!-- Generated by org.testng.reporters.JUnitReportReporter -->
<testsuite hostname="LAPTOP-3AI9QJI2" failures="0" tests="3" name="dataProvider.BookTicket" time="0.008" errors="0" timestamp="2022-08-05T12:59:38 IST" skipped="0">
  <testcase classname="dataProvider.BookTicket" name="booking_Tickets" time="0.005"/>
  <system-out/>
  <testcase classname="dataProvider.BookTicket" name="booking_Tickets" time="0.001"/>
  <system-out/>
  <testcase classname="dataProvider.BookTicket" name="booking_Tickets" time="0.002"/>
  <system-out/>
</testsuite> <!-- dataProvider.BookTicket -->
