<?xml version="1.0" encoding="UTF-8"?>
<!-- Generated by org.testng.reporters.JUnitReportReporter -->
<testsuite hostname="LAPTOP-3AI9QJI2" failures="0" tests="1" name="vTiger.CreateOrganization_ContactAndVerify" time="28.830" errors="0" timestamp="2022-07-12T21:36:44 IST" skipped="0">
  <testcase classname="vTiger.CreateOrganization_ContactAndVerify" name="createOrganizationAndContactAndVerify" time="28.830"/>
  <system-out/>
</testsuite> <!-- vTiger.CreateOrganization_ContactAndVerify -->
