<?xml version="1.0" encoding="UTF-8"?>
<!-- Generated by org.testng.reporters.JUnitReportReporter -->
<testsuite hostname="LAPTOP-3AI9QJI2" name="com.crm.vtiger.organization.CreateOrganization_ContactAndVerifyTest" tests="1" failures="0" timestamp="1 Aug 2022 07:17:56 GMT" time="37.925" errors="0">
  <testcase name="createOrganizationAndContactAndVerify" time="37.925" classname="com.crm.vtiger.organization.CreateOrganization_ContactAndVerifyTest"/>
</testsuite> <!-- com.crm.vtiger.organization.CreateOrganization_ContactAndVerifyTest -->
